NavigationQuota.vue:110 You need to fill either the text or the ariaLabel props in the button component. {text: undefined, ariaLabel: ''} o {_uid: 507, _isVue: true, __v_skip: true, _scope: e, $options: {…}, …}
render @ NcButton.mjs:145
e._render @ vue.runtime.esm.js:2684
a @ vue.runtime.esm.js:3875
e.get @ vue.runtime.esm.js:3446
e @ vue.runtime.esm.js:3436
e @ vue.runtime.esm.js:3892
sr.$mount @ vue.runtime.esm.js:8779
init @ vue.runtime.esm.js:4411
(anonymous) @ vue.runtime.esm.js:6571
h @ vue.runtime.esm.js:6525
m @ vue.runtime.esm.js:6644
h @ vue.runtime.esm.js:6548
Ji.nodeOps @ vue.runtime.esm.js:7075
e._update @ vue.runtime.esm.js:3765
a @ vue.runtime.esm.js:3875
e.get @ vue.runtime.esm.js:3446
e @ vue.runtime.esm.js:3436
e @ vue.runtime.esm.js:3892
sr.$mount @ vue.runtime.esm.js:8779
init @ vue.runtime.esm.js:4411
(anonymous) @ vue.runtime.esm.js:6571
h @ vue.runtime.esm.js:6525
m @ vue.runtime.esm.js:6644
h @ vue.runtime.esm.js:6548
Ji.nodeOps @ vue.runtime.esm.js:7075
e._update @ vue.runtime.esm.js:3765
a @ vue.runtime.esm.js:3875
e.get @ vue.runtime.esm.js:3446
e @ vue.runtime.esm.js:3436
e @ vue.runtime.esm.js:3892
sr.$mount @ vue.runtime.esm.js:8779
init @ vue.runtime.esm.js:4411
(anonymous) @ vue.runtime.esm.js:6571
h @ vue.runtime.esm.js:6525
m @ vue.runtime.esm.js:6644
h @ vue.runtime.esm.js:6548
Ji.nodeOps @ vue.runtime.esm.js:7075
e._update @ vue.runtime.esm.js:3765
a @ vue.runtime.esm.js:3875
e.get @ vue.runtime.esm.js:3446
e @ vue.runtime.esm.js:3436
e @ vue.runtime.esm.js:3892
sr.$mount @ vue.runtime.esm.js:8779
init @ vue.runtime.esm.js:4411
(anonymous) @ vue.runtime.esm.js:6571
h @ vue.runtime.esm.js:6525
b @ vue.runtime.esm.js:6696
(anonymous) @ vue.runtime.esm.js:6840
w @ vue.runtime.esm.js:6913
(anonymous) @ vue.runtime.esm.js:6787
w @ vue.runtime.esm.js:6913
(anonymous) @ vue.runtime.esm.js:6787
w @ vue.runtime.esm.js:6913
Ji.nodeOps @ vue.runtime.esm.js:7081
e._update @ vue.runtime.esm.js:3769
a @ vue.runtime.esm.js:3875
e.get @ vue.runtime.esm.js:3446
e.run @ vue.runtime.esm.js:3522
Da @ vue.runtime.esm.js:4125
(anonymous) @ vue.runtime.esm.js:3143
Sn @ vue.runtime.esm.js:3065
Promise.then (async)
kn @ vue.runtime.esm.js:3090
Mn @ vue.runtime.esm.js:3155
Ca @ vue.runtime.esm.js:4211
e.update @ vue.runtime.esm.js:3513
e.notify @ vue.runtime.esm.js:720
set @ vue.runtime.esm.js:963
Xa.Ka.set @ vue.runtime.esm.js:5360
updateStorageStats @ NavigationQuota.vue:110
(anonymous) @ NavigationQuota.vue:96
g @ index.js:81
g @ index.js:121
(anonymous) @ index.mjs:43
emit @ index.mjs:41
emit @ main.js?v=bbf3f456-0:2
CreateNewFile @ main.js?v=bbf3f456-0:2
await in CreateNewFile (async)
handler @ main.js?v=bbf3f456-0:2
click @ index-f812dc31.mjs:3079
Tn @ vue.runtime.esm.js:3017
n @ vue.runtime.esm.js:1815
Tn @ vue.runtime.esm.js:3017
e.$emit @ vue.runtime.esm.js:3716
onClick @ actionText-60ff01d1.mjs:114
Tn @ vue.runtime.esm.js:3017
n @ vue.runtime.esm.js:1815
i._wrapper @ vue.runtime.esm.js:7480
Show 81 more frames
Show less
Navigated to https://nc.labz.local/index.php/apps/drawio/edit?fileId=292&isWB=false
bootstrap:19 JQMIGRATE: Migrate is installed, version 3.4.1
session-heartbeat.js:103 session heartbeat polling started
bootstrap:19 Proxying an event bus of version 3.1.0 with 1.3.0
e @ index.es.js:2337
91099 @ index.es.js:3314
a @ bootstrap:19
76506 @ requesttoken.js:11
a @ bootstrap:19
3878 @ index.js:25
a @ bootstrap:19
50395 @ index.js:14
a @ bootstrap:19
22534 @ index.js:41
a @ bootstrap:19
61595 @ notificationsService.js:92
a @ bootstrap:19
Promise.then (async)
NotificationsApp @ main.js:42
f @ vue.runtime.esm.js:2796
si @ vue.runtime.esm.js:4478
(anonymous) @ vue.runtime.esm.js:2916
oe @ vue.runtime.esm.js:2866
t.$createElement @ vue.runtime.esm.js:2639
render @ main.js:44
t._render @ vue.runtime.esm.js:2684
i @ vue.runtime.esm.js:3875
t.get @ vue.runtime.esm.js:3446
t @ vue.runtime.esm.js:3436
t @ vue.runtime.esm.js:3892
Ti.$mount @ vue.runtime.esm.js:8779
t._init @ vue.runtime.esm.js:5705
Ti @ vue.runtime.esm.js:5766
(anonymous) @ main.js:37
(anonymous) @ main.js:44
(anonymous) @ main.js:44
Show 19 more frames
Show less
NotificationsApp.vue:470 Notifications permissions not yet requested
app.min.js?__WB_REVISION__=e2069721148962b095857df0c7b01258:11960 INFO Error undefined undefined undefined Error: Not a diagram file (error on line 1 at column 1: Start tag expected, '<' not found)
    at App.setFileData (app.min.js?__WB_REVISION__=e2069721148962b095857df0c7b01258:12004:328)
    at App.<anonymous> (app.min.js?__WB_REVISION__=e2069721148962b095857df0c7b01258:12367:437)
    at app.min.js?__WB_REVISION__=e2069721148962b095857df0c7b01258:190:107
    at App.<anonymous> (app.min.js?__WB_REVISION__=e2069721148962b095857df0c7b01258:12400:132)
    at app.min.js?__WB_REVISION__=e2069721148962b095857df0c7b01258:190:107
    at App.<anonymous> (app.min.js?__WB_REVISION__=e2069721148962b095857df0c7b01258:12404:81)
    at app.min.js?__WB_REVISION__=e2069721148962b095857df0c7b01258:190:107
(anonymous) @ app.min.js?__WB_REVISION__=e2069721148962b095857df0c7b01258:11960
(anonymous) @ app.min.js?__WB_REVISION__=e2069721148962b095857df0c7b01258:12064
(anonymous) @ app.min.js?__WB_REVISION__=e2069721148962b095857df0c7b01258:12400
(anonymous) @ app.min.js?__WB_REVISION__=e2069721148962b095857df0c7b01258:190
(anonymous) @ app.min.js?__WB_REVISION__=e2069721148962b095857df0c7b01258:12404
(anonymous) @ app.min.js?__WB_REVISION__=e2069721148962b095857df0c7b01258:190
index.js:314 OC.requestToken changed NjZ1IDYRGhObHXC0Dad0oxehiG78h8JfruFsn9KqhjU=:XlNecGIiSGnDKRn/Z+QE6S/1wzSrvvAPnbBH65TA8kc=
